{"/workspaces/v97_unit-test-with-jest/app.js": {"path":"/workspaces/v97_unit-test-with-jest/app.js","statementMap":{"0":{"start":{"line":2,"column":12},"end":{"line":4,"column":1}},"1":{"start":{"line":3,"column":2},"end":{"line":3,"column":14}},"2":{"start":{"line":6,"column":0},"end":{"line":6,"column":21}},"3":{"start":{"line":12,"column":25},"end":{"line":17,"column":1}},"4":{"start":{"line":14,"column":24},"end":{"line":14,"column":41}},"5":{"start":{"line":16,"column":4},"end":{"line":16,"column":25}},"6":{"start":{"line":21,"column":24},"end":{"line":27,"column":1}},"7":{"start":{"line":23,"column":22},"end":{"line":23,"column":41}},"8":{"start":{"line":24,"column":21},"end":{"line":24,"column":40}},"9":{"start":{"line":26,"column":4},"end":{"line":26,"column":22}},"10":{"start":{"line":30,"column":23},"end":{"line":38,"column":1}},"11":{"start":{"line":33,"column":22},"end":{"line":33,"column":40}},"12":{"start":{"line":34,"column":23},"end":{"line":34,"column":40}},"13":{"start":{"line":37,"column":4},"end":{"line":37,"column":24}},"14":{"start":{"line":39,"column":0},"end":{"line":39,"column":76}}},"fnMap":{"0":{"name":"(anonymous_0)","decl":{"start":{"line":2,"column":12},"end":{"line":2,"column":13}},"loc":{"start":{"line":2,"column":21},"end":{"line":4,"column":1}},"line":2},"1":{"name":"(anonymous_1)","decl":{"start":{"line":12,"column":25},"end":{"line":12,"column":26}},"loc":{"start":{"line":12,"column":46},"end":{"line":17,"column":1}},"line":12},"2":{"name":"(anonymous_2)","decl":{"start":{"line":21,"column":24},"end":{"line":21,"column":25}},"loc":{"start":{"line":21,"column":47},"end":{"line":27,"column":1}},"line":21},"3":{"name":"(anonymous_3)","decl":{"start":{"line":30,"column":23},"end":{"line":30,"column":24}},"loc":{"start":{"line":30,"column":43},"end":{"line":38,"column":1}},"line":30}},"branchMap":{},"s":{"0":1,"1":2,"2":1,"3":1,"4":1,"5":1,"6":1,"7":1,"8":1,"9":1,"10":1,"11":1,"12":1,"13":1,"14":1},"f":{"0":2,"1":1,"2":1,"3":1},"b":{},"_coverageSchema":"1a1c01bbd47fc00a2c39e90264f33305004495a9","hash":"cac6878d48e8ea3e476ef8bc5169c1fd21751bb4"}
}
